{"numFailedTestSuites":1,"numFailedTests":3,"numPassedTestSuites":16,"numPassedTests":63,"numPendingTestSuites":0,"numPendingTests":0,"numRuntimeErrorTestSuites":0,"numTodoTests":0,"numTotalTestSuites":17,"numTotalTests":66,"openHandles":[],"snapshot":{"added":0,"didUpdate":false,"failure":false,"filesAdded":0,"filesRemoved":0,"filesRemovedList":[],"filesUnmatched":0,"filesUpdated":0,"matched":0,"total":0,"unchecked":0,"uncheckedKeysByFile":[],"unmatched":0,"updated":0},"startTime":1785338252645,"success":false,"testResults":[{"assertionResults":[{"ancestorTitles":["AQEA Model Accuracy, Bias & Functional Edge-Case Testing"],"duration":21,"failing":false,"failureDetails":[],"failureMessages":[],"fullName":"AQEA Model Accuracy, Bias & Functional Edge-Case Testing Model Bias Test: Directional symmetry under Bullish vs Bearish inputs","invocations":1,"location":null,"numPassingAsserts":5,"retryReasons":[],"startAt":1785338256464,"status":"passed","title":"Model Bias Test: Directional symmetry under Bullish vs Bearish inputs"},{"ancestorTitles":["AQEA Model Accuracy, Bias & Functional Edge-Case Testing"],"duration":1076,"failing":false,"failureDetails":[],"failureMessages":[],"fullName":"AQEA Model Accuracy, Bias & Functional Edge-Case Testing Statistical Significance Test: p-value < 0.05 for non-random return series","invocations":1,"location":null,"numPassingAsserts":3,"retryReasons":[],"startAt":1785338256486,"status":"passed","title":"Statistical Significance Test: p-value < 0.05 for non-random return series"},{"ancestorTitles":["AQEA Model Accuracy, Bias & Functional Edge-Case Testing"],"duration":1,"failing":false,"failureDetails":[],"failureMessages":[],"fullName":"AQEA Model Accuracy, Bias & Functional Edge-Case Testing Functional Edge-Case: Flash Crash scenario (-90% in 1 bar)","invocations":1,"location":null,"numPassingAsserts":2,"retryReasons":[],"startAt":1785338257563,"status":"passed","title":"Functional Edge-Case: Flash Crash scenario (-90% in 1 bar)"},{"ancestorTitles":["AQEA Model Accuracy, Bias & Functional Edge-Case Testing"],"duration":1,"failing":false,"failureDetails":[],"failureMessages":[],"fullName":"AQEA Model Accuracy, Bias & Functional Edge-Case Testing Functional Edge-Case: Zero Volume / Micro Liquidity Freeze","invocations":1,"location":null,"numPassingAsserts":3,"retryReasons":[],"startAt":1785338257564,"status":"passed","title":"Functional Edge-Case: Zero Volume / Micro Liquidity Freeze"},{"ancestorTitles":["AQEA Model Accuracy, Bias & Functional Edge-Case Testing"],"duration":2,"failing":false,"failureDetails":[],"failureMessages":[],"fullName":"AQEA Model Accuracy, Bias & Functional Edge-Case Testing Functional Edge-Case: Extreme Funding Rate Spikes (+0.10 and -0.10)","invocations":1,"location":null,"numPassingAsserts":3,"retryReasons":[],"startAt":1785338257565,"status":"passed","title":"Functional Edge-Case: Extreme Funding Rate Spikes (+0.10 and -0.10)"}],"endTime":1785338257768,"message":"","name":"/Users/amithks/aalgolakshmi_v3/server/__tests__/aqea/modelAccuracyAndBias.test.ts","startTime":1785338253191,"status":"passed","summary":""},{"assertionResults":[{"ancestorTitles":["AQEA v2.4R Regression Tests"],"duration":503,"failing":false,"failureDetails":[],"failureMessages":[],"fullName":"AQEA v2.4R Regression Tests Defect #1: SmartMoneyEngine receives actual bars","invocations":1,"location":null,"numPassingAsserts":2,"retryReasons":[],"startAt":1785338258062,"status":"passed","title":"Defect #1: SmartMoneyEngine receives actual bars"},{"ancestorTitles":["AQEA v2.4R Regression Tests"],"duration":66,"failing":false,"failureDetails":[],"failureMessages":[],"fullName":"AQEA v2.4R Regression Tests Defect #2: RegimeEngine receives valid 200MA from sma200 mapping","invocations":1,"location":null,"numPassingAsserts":2,"retryReasons":[],"startAt":1785338258566,"status":"passed","title":"Defect #2: RegimeEngine receives valid 200MA from sma200 mapping"},{"ancestorTitles":["AQEA v2.4R Regression Tests"],"duration":1,"failing":false,"failureDetails":[],"failureMessages":[],"fullName":"AQEA v2.4R Regression Tests Defect #3: PPO returns structured metadata on failure","invocations":1,"location":null,"numPassingAsserts":3,"retryReasons":[],"startAt":1785338258632,"status":"passed","title":"Defect #3: PPO returns structured metadata on failure"}],"endTime":1785338258634,"message":"","name":"/Users/amithks/aalgolakshmi_v3/server/__tests__/aqea/v2.4r_regression.test.ts","startTime":1785338257834,"status":"passed","summary":""},{"assertionResults":[{"ancestorTitles":["RiskEngine — property-based invariants"],"duration":21,"failing":false,"failureDetails":[],"failureMessages":[],"fullName":"RiskEngine — property-based invariants approved position size never exceeds the 10% notional cap, for any valid balance/atr/price","invocations":1,"location":null,"numPassingAsserts":20,"retryReasons":[],"startAt":1785338258863,"status":"passed","title":"approved position size never exceeds the 10% notional cap, for any valid balance/atr/price"},{"ancestorTitles":["RiskEngine — property-based invariants"],"duration":16,"failing":false,"failureDetails":[],"failureMessages":[],"fullName":"RiskEngine — property-based invariants leverage is always within [1, MAX_LEVERAGE] for any valid input","invocations":1,"location":null,"numPassingAsserts":40,"retryReasons":[],"startAt":1785338258884,"status":"passed","title":"leverage is always within [1, MAX_LEVERAGE] for any valid input"},{"ancestorTitles":["RiskEngine — property-based invariants"],"duration":13,"failing":false,"failureDetails":[],"failureMessages":[],"fullName":"RiskEngine — property-based invariants riskScore is always within [0, 100] for any combination of penalty factors","invocations":1,"location":null,"numPassingAsserts":16,"retryReasons":[],"startAt":1785338258900,"status":"passed","title":"riskScore is always within [0, 100] for any combination of penalty factors"},{"ancestorTitles":["RiskEngine — property-based invariants"],"duration":27,"failing":false,"failureDetails":[],"failureMessages":[],"fullName":"RiskEngine — property-based invariants daily drawdown breach detection is exact: rejects iff |pnl|/balance exceeds the configured limit","invocations":1,"location":null,"numPassingAsserts":24,"retryReasons":[],"startAt":1785338258913,"status":"passed","title":"daily drawdown breach detection is exact: rejects iff |pnl|/balance exceeds the configured limit"}],"endTime":1785338258941,"message":"","name":"/Users/amithks/aalgolakshmi_v3/server/__tests__/aqea/riskEngine.property.test.ts","startTime":1785338258655,"status":"passed","summary":""},{"assertionResults":[{"ancestorTitles":["AQEA Phase 4C: CNN Shadow Predictor"],"duration":16,"failing":false,"failureDetails":[],"failureMessages":[],"fullName":"AQEA Phase 4C: CNN Shadow Predictor CNN Predictor is registered and functional","invocations":1,"location":null,"numPassingAsserts":5,"retryReasons":[],"startAt":1785338259297,"status":"passed","title":"CNN Predictor is registered and functional"},{"ancestorTitles":["AQEA Phase 4C: CNN Shadow Predictor"],"duration":39,"failing":false,"failureDetails":[],"failureMessages":[],"fullName":"AQEA Phase 4C: CNN Shadow Predictor CNN Predictor returns HOLD when AI is disabled","invocations":1,"location":null,"numPassingAsserts":2,"retryReasons":[],"startAt":1785338259314,"status":"passed","title":"CNN Predictor returns HOLD when AI is disabled"}],"endTime":1785338259354,"message":"","name":"/Users/amithks/aalgolakshmi_v3/server/__tests__/aqea/cnnPredictor.test.ts","startTime":1785338258965,"status":"passed","summary":""},{"assertionResults":[{"ancestorTitles":["AQEA V7.2 Recovery Integration Test"],"duration":2863,"failing":false,"failureDetails":[],"failureMessages":[],"fullName":"AQEA V7.2 Recovery Integration Test should generate a LONG decision when AI and Core signals align","invocations":1,"location":null,"numPassingAsserts":3,"retryReasons":[],"startAt":1785338256442,"status":"passed","title":"should generate a LONG decision when AI and Core signals align"}],"endTime":1785338259483,"message":"","name":"/Users/amithks/aalgolakshmi_v3/server/__tests__/aqea/v7.2_recovery_integration.test.ts","startTime":1785338253171,"status":"passed","summary":""},{"assertionResults":[{"ancestorTitles":["Phase 5: Leverage Safety Validation"],"duration":4,"failing":false,"failureDetails":[],"failureMessages":[],"fullName":"Phase 5: Leverage Safety Validation Leverage is capped at 10x even if calculation suggests more","invocations":1,"location":null,"numPassingAsserts":1,"retryReasons":[],"startAt":1785338259965,"status":"passed","title":"Leverage is capped at 10x even if calculation suggests more"}],"endTime":1785338259970,"message":"","name":"/Users/amithks/aalgolakshmi_v3/server/__tests__/aqea/leverageSafety.test.ts","startTime":1785338259558,"status":"passed","summary":""},{"assertionResults":[{"ancestorTitles":["AQEA Phase 3C: Smart Money Voting Integration"],"duration":87,"failing":false,"failureDetails":[],"failureMessages":[],"fullName":"AQEA Phase 3C: Smart Money Voting Integration Base weights are Core 75%, OF 15%, SM 10% in normal regime","invocations":1,"location":null,"numPassingAsserts":1,"retryReasons":[],"startAt":1785338260353,"status":"passed","title":"Base weights are Core 75%, OF 15%, SM 10% in normal regime"},{"ancestorTitles":["AQEA Phase 3C: Smart Money Voting Integration"],"duration":91,"failing":false,"failureDetails":[],"failureMessages":[],"fullName":"AQEA Phase 3C: Smart Money Voting Integration Conviction Boost increases SM weight to 15% and Core to 70%","invocations":1,"location":null,"numPassingAsserts":3,"retryReasons":[],"startAt":1785338260440,"status":"passed","title":"Conviction Boost increases SM weight to 15% and Core to 70%"},{"ancestorTitles":["AQEA Phase 3C: Smart Money Voting Integration"],"duration":59,"failing":false,"failureDetails":[],"failureMessages":[],"fullName":"AQEA Phase 3C: Smart Money Voting Integration High Volatility disables Conviction Boost","invocations":1,"location":null,"numPassingAsserts":2,"retryReasons":[],"startAt":1785338260532,"status":"passed","title":"High Volatility disables Conviction Boost"}],"endTime":1785338260591,"message":"","name":"/Users/amithks/aalgolakshmi_v3/server/__tests__/aqea/smartMoneyVoting.test.ts","startTime":1785338260011,"status":"passed","summary":""},{"assertionResults":[{"ancestorTitles":["AQEA Engine Integration"],"duration":2870,"failing":false,"failureDetails":[],"failureMessages":[],"fullName":"AQEA Engine Integration Generate LONG decision when all layers align","invocations":1,"location":null,"numPassingAsserts":3,"retryReasons":[],"startAt":1785338256456,"status":"passed","title":"Generate LONG decision when all layers align"},{"ancestorTitles":["AQEA Engine Integration"],"duration":1187,"failing":false,"failureDetails":[],"failureMessages":[],"fullName":"AQEA Engine Integration Generate HOLD decision if regime score is too low","invocations":1,"location":null,"numPassingAsserts":1,"retryReasons":[],"startAt":1785338259329,"status":"passed","title":"Generate HOLD decision if regime score is too low"},{"ancestorTitles":["Shadow Simulator Integration"],"duration":113,"failing":false,"failureDetails":[],"failureMessages":[],"fullName":"Shadow Simulator Integration Open and update shadow position","invocations":1,"location":null,"numPassingAsserts":3,"retryReasons":[],"startAt":1785338260516,"status":"passed","title":"Open and update shadow position"}],"endTime":1785338260883,"message":"","name":"/Users/amithks/aalgolakshmi_v3/server/__tests__/aqea/engine.integration.test.ts","startTime":1785338253116,"status":"passed","summary":""},{"assertionResults":[{"ancestorTitles":["AQEA Regime Engine"],"duration":1,"failing":false,"failureDetails":[],"failureMessages":[],"fullName":"AQEA Regime Engine Classify RANGING regime","invocations":1,"location":null,"numPassingAsserts":2,"retryReasons":[],"startAt":1785338261121,"status":"passed","title":"Classify RANGING regime"},{"ancestorTitles":["AQEA Regime Engine"],"duration":1,"failing":false,"failureDetails":[],"failureMessages":[],"fullName":"AQEA Regime Engine Classify TRENDING_BULL regime","invocations":1,"location":null,"numPassingAsserts":3,"retryReasons":[],"startAt":1785338261122,"status":"passed","title":"Classify TRENDING_BULL regime"},{"ancestorTitles":["AQEA Regime Engine"],"duration":1,"failing":false,"failureDetails":[],"failureMessages":[],"fullName":"AQEA Regime Engine Classify TRENDING_BEAR regime","invocations":1,"location":null,"numPassingAsserts":2,"retryReasons":[],"startAt":1785338261123,"status":"passed","title":"Classify TRENDING_BEAR regime"},{"ancestorTitles":["AQEA Regime Engine"],"duration":0,"failing":false,"failureDetails":[],"failureMessages":[],"fullName":"AQEA Regime Engine Classify HIGH_VOLATILITY regime","invocations":1,"location":null,"numPassingAsserts":2,"retryReasons":[],"startAt":1785338261124,"status":"passed","title":"Classify HIGH_VOLATILITY regime"},{"ancestorTitles":["AQEA Regime Engine"],"duration":1,"failing":false,"failureDetails":[],"failureMessages":[],"fullName":"AQEA Regime Engine Classify TRANSITION regime","invocations":1,"location":null,"numPassingAsserts":1,"retryReasons":[],"startAt":1785338261124,"status":"passed","title":"Classify TRANSITION regime"},{"ancestorTitles":["AQEA Regime Engine"],"duration":0,"failing":false,"failureDetails":[],"failureMessages":[],"fullName":"AQEA Regime Engine Scoring bands validation","invocations":1,"location":null,"numPassingAsserts":2,"retryReasons":[],"startAt":1785338261125,"status":"passed","title":"Scoring bands validation"}],"endTime":1785338261126,"message":"","name":"/Users/amithks/aalgolakshmi_v3/server/__tests__/aqea/regimeEngine.test.ts","startTime":1785338260975,"status":"passed","summary":""},{"assertionResults":[{"ancestorTitles":["AQEA v2.4R Regression Tests (Surgical)"],"duration":43,"failing":false,"failureDetails":[],"failureMessages":[],"fullName":"AQEA v2.4R Regression Tests (Surgical) Defect #1: SmartMoneyEngine processes bars correctly (not emptyResult)","invocations":1,"location":null,"numPassingAsserts":2,"retryReasons":[],"startAt":1785338261251,"status":"passed","title":"Defect #1: SmartMoneyEngine processes bars correctly (not emptyResult)"},{"ancestorTitles":["AQEA v2.4R Regression Tests (Surgical)"],"duration":2,"failing":false,"failureDetails":[],"failureMessages":[],"fullName":"AQEA v2.4R Regression Tests (Surgical) Defect #2: RegimeEngine receives valid 200MA from context","invocations":1,"location":null,"numPassingAsserts":2,"retryReasons":[],"startAt":1785338261295,"status":"passed","title":"Defect #2: RegimeEngine receives valid 200MA from context"},{"ancestorTitles":["AQEA v2.4R Regression Tests (Surgical)"],"duration":17,"failing":false,"failureDetails":[],"failureMessages":[],"fullName":"AQEA v2.4R Regression Tests (Surgical) Defect #3: PPO returns structured metadata on failure","invocations":1,"location":null,"numPassingAsserts":3,"retryReasons":[],"startAt":1785338261297,"status":"passed","title":"Defect #3: PPO returns structured metadata on failure"}],"endTime":1785338261325,"message":"","name":"/Users/amithks/aalgolakshmi_v3/server/__tests__/aqea/v2.4r_regression_surgical.test.ts","startTime":1785338260615,"status":"passed","summary":""},{"assertionResults":[{"ancestorTitles":["AQEA Multi-Timeframe Engine"],"duration":790,"failing":false,"failureDetails":[],"failureMessages":[],"fullName":"AQEA Multi-Timeframe Engine Should detect Bullish alignment across multiple timeframes","invocations":1,"location":null,"numPassingAsserts":3,"retryReasons":[],"startAt":1785338259868,"status":"passed","title":"Should detect Bullish alignment across multiple timeframes"},{"ancestorTitles":["AQEA Multi-Timeframe Engine"],"duration":383,"failing":false,"failureDetails":[],"failureMessages":[],"fullName":"AQEA Multi-Timeframe Engine Should detect Bearish alignment when indicators are negative","invocations":1,"location":null,"numPassingAsserts":2,"retryReasons":[],"startAt":1785338260658,"status":"passed","title":"Should detect Bearish alignment when indicators are negative"},{"ancestorTitles":["AQEA Multi-Timeframe Engine"],"duration":313,"failing":false,"failureDetails":[],"failureMessages":[],"fullName":"AQEA Multi-Timeframe Engine Should handle missing klines gracefully","invocations":1,"location":null,"numPassingAsserts":3,"retryReasons":[],"startAt":1785338261041,"status":"passed","title":"Should handle missing klines gracefully"}],"endTime":1785338261494,"message":"","name":"/Users/amithks/aalgolakshmi_v3/server/__tests__/aqea/multiTimeframeEngine.test.ts","startTime":1785338259445,"status":"passed","summary":""},{"assertionResults":[{"ancestorTitles":["AQEA Exit Engine"],"duration":3,"failing":false,"failureDetails":[],"failureMessages":[],"fullName":"AQEA Exit Engine Calculate levels correctly for LONG","invocations":1,"location":null,"numPassingAsserts":4,"retryReasons":[],"startAt":1785338262108,"status":"passed","title":"Calculate levels correctly for LONG"},{"ancestorTitles":["AQEA Exit Engine"],"duration":1,"failing":false,"failureDetails":[],"failureMessages":[],"fullName":"AQEA Exit Engine Trigger Stop Loss FULL","invocations":1,"location":null,"numPassingAsserts":3,"retryReasons":[],"startAt":1785338262111,"status":"passed","title":"Trigger Stop Loss FULL"},{"ancestorTitles":["AQEA Exit Engine"],"duration":1,"failing":false,"failureDetails":[],"failureMessages":[],"fullName":"AQEA Exit Engine Trigger TP1 PARTIAL 25%","invocations":1,"location":null,"numPassingAsserts":4,"retryReasons":[],"startAt":1785338262112,"status":"passed","title":"Trigger TP1 PARTIAL 25%"},{"ancestorTitles":["AQEA Exit Engine"],"duration":0,"failing":false,"failureDetails":[],"failureMessages":[],"fullName":"AQEA Exit Engine Trigger TP2 PARTIAL 50% and SL to Entry","invocations":1,"location":null,"numPassingAsserts":5,"retryReasons":[],"startAt":1785338262114,"status":"passed","title":"Trigger TP2 PARTIAL 50% and SL to Entry"},{"ancestorTitles":["AQEA Exit Engine"],"duration":1,"failing":false,"failureDetails":[],"failureMessages":[],"fullName":"AQEA Exit Engine Trailing Stop priority Supertrend > EMA20 > ATR","invocations":1,"location":null,"numPassingAsserts":2,"retryReasons":[],"startAt":1785338262114,"status":"passed","title":"Trailing Stop priority Supertrend > EMA20 > ATR"}],"endTime":1785338262116,"message":"","name":"/Users/amithks/aalgolakshmi_v3/server/__tests__/aqea/exitEngine.test.ts","startTime":1785338261199,"status":"passed","summary":""},{"assertionResults":[{"ancestorTitles":["AQEA Phase 2B: Order Flow Voting Integration"],"duration":2891,"failing":false,"failureDetails":[],"failureMessages":[],"fullName":"AQEA Phase 2B: Order Flow Voting Integration Order Flow receives ~11% normalized weight in TRENDING_BULL","invocations":1,"location":null,"numPassingAsserts":2,"retryReasons":[],"startAt":1785338256434,"status":"passed","title":"Order Flow receives ~11% normalized weight in TRENDING_BULL"},{"ancestorTitles":["AQEA Phase 2B: Order Flow Voting Integration"],"duration":1088,"failing":false,"failureDetails":[],"failureMessages":[],"fullName":"AQEA Phase 2B: Order Flow Voting Integration Order Flow scales to ~21% normalized weight in HIGH_VOLATILITY","invocations":1,"location":null,"numPassingAsserts":2,"retryReasons":[],"startAt":1785338259327,"status":"passed","title":"Order Flow scales to ~21% normalized weight in HIGH_VOLATILITY"},{"ancestorTitles":["AQEA Phase 2B: Order Flow Voting Integration"],"duration":1719,"failing":false,"failureDetails":[],"failureMessages":[],"fullName":"AQEA Phase 2B: Order Flow Voting Integration Rollback: ORDERFLOW_VOTING_ENABLED=false assigns 0% weight","invocations":1,"location":null,"numPassingAsserts":2,"retryReasons":[],"startAt":1785338260415,"status":"passed","title":"Rollback: ORDERFLOW_VOTING_ENABLED=false assigns 0% weight"}],"endTime":1785338262429,"message":"","name":"/Users/amithks/aalgolakshmi_v3/server/__tests__/aqea/orderFlowVoting.test.ts","startTime":1785338253119,"status":"passed","summary":""},{"assertionResults":[{"ancestorTitles":["AQEA Risk Engine"],"duration":2,"failing":false,"failureDetails":[],"failureMessages":[],"fullName":"AQEA Risk Engine Approved trade with valid Kelly sizing","invocations":1,"location":null,"numPassingAsserts":4,"retryReasons":[],"startAt":1785338262598,"status":"passed","title":"Approved trade with valid Kelly sizing"},{"ancestorTitles":["AQEA Risk Engine"],"duration":1,"failing":false,"failureDetails":[],"failureMessages":[],"fullName":"AQEA Risk Engine Reject if daily drawdown limit exceeded","invocations":1,"location":null,"numPassingAsserts":2,"retryReasons":[],"startAt":1785338262601,"status":"passed","title":"Reject if daily drawdown limit exceeded"},{"ancestorTitles":["AQEA Risk Engine"],"duration":7,"failing":false,"failureDetails":[],"failureMessages":[],"fullName":"AQEA Risk Engine Reject if weekly drawdown limit exceeded (but daily alone would not breach)","invocations":1,"location":null,"numPassingAsserts":2,"retryReasons":[],"startAt":1785338262602,"status":"passed","title":"Reject if weekly drawdown limit exceeded (but daily alone would not breach)"},{"ancestorTitles":["AQEA Risk Engine"],"duration":2,"failing":false,"failureDetails":[],"failureMessages":[],"fullName":"AQEA Risk Engine Reject if monthly drawdown limit exceeded (but weekly alone would not breach)","invocations":1,"location":null,"numPassingAsserts":2,"retryReasons":[],"startAt":1785338262609,"status":"passed","title":"Reject if monthly drawdown limit exceeded (but weekly alone would not breach)"},{"ancestorTitles":["AQEA Risk Engine"],"duration":2,"failing":false,"failureDetails":[],"failureMessages":[],"fullName":"AQEA Risk Engine Reject if all-time portfolio drawdown limit exceeded (but this month alone would not breach)","invocations":1,"location":null,"numPassingAsserts":2,"retryReasons":[],"startAt":1785338262611,"status":"passed","title":"Reject if all-time portfolio drawdown limit exceeded (but this month alone would not breach)"},{"ancestorTitles":["AQEA Risk Engine"],"duration":2,"failing":false,"failureDetails":[],"failureMessages":[],"fullName":"AQEA Risk Engine Reject if max open positions reached","invocations":1,"location":null,"numPassingAsserts":3,"retryReasons":[],"startAt":1785338262613,"status":"passed","title":"Reject if max open positions reached"},{"ancestorTitles":["AQEA Risk Engine"],"duration":1,"failing":false,"failureDetails":[],"failureMessages":[],"fullName":"AQEA Risk Engine Reject if portfolio exposure > 10%","invocations":1,"location":null,"numPassingAsserts":3,"retryReasons":[],"startAt":1785338262615,"status":"passed","title":"Reject if portfolio exposure > 10%"},{"ancestorTitles":["AQEA Risk Engine"],"duration":2,"failing":false,"failureDetails":[],"failureMessages":[],"fullName":"AQEA Risk Engine Volatility adjustment reduces position size","invocations":1,"location":null,"numPassingAsserts":1,"retryReasons":[],"startAt":1785338262616,"status":"passed","title":"Volatility adjustment reduces position size"},{"ancestorTitles":["AQEA Risk Engine"],"duration":3,"failing":false,"failureDetails":[],"failureMessages":[],"fullName":"AQEA Risk Engine riskScore starts at 100 with no penalty factors","invocations":1,"location":null,"numPassingAsserts":1,"retryReasons":[],"startAt":1785338262618,"status":"passed","title":"riskScore starts at 100 with no penalty factors"},{"ancestorTitles":["AQEA Risk Engine"],"duration":5,"failing":false,"failureDetails":[],"failureMessages":[],"fullName":"AQEA Risk Engine riskScore deducts 15 when 3+ positions are already open","invocations":1,"location":null,"numPassingAsserts":1,"retryReasons":[],"startAt":1785338262623,"status":"passed","title":"riskScore deducts 15 when 3+ positions are already open"},{"ancestorTitles":["AQEA Risk Engine"],"duration":0,"failing":false,"failureDetails":[],"failureMessages":[],"fullName":"AQEA Risk Engine riskScore deducts 20 for winRate below 50%","invocations":1,"location":null,"numPassingAsserts":1,"retryReasons":[],"startAt":1785338262628,"status":"passed","title":"riskScore deducts 20 for winRate below 50%"},{"ancestorTitles":["AQEA Risk Engine"],"duration":1,"failing":false,"failureDetails":[],"failureMessages":[],"fullName":"AQEA Risk Engine riskScore deducts 10 for rewardRisk below 1.0","invocations":1,"location":null,"numPassingAsserts":1,"retryReasons":[],"startAt":1785338262628,"status":"passed","title":"riskScore deducts 10 for rewardRisk below 1.0"},{"ancestorTitles":["AQEA Risk Engine"],"duration":1,"failing":false,"failureDetails":[],"failureMessages":[],"fullName":"AQEA Risk Engine riskScore deducts 20 for fundingRate above 0.03","invocations":1,"location":null,"numPassingAsserts":1,"retryReasons":[],"startAt":1785338262629,"status":"passed","title":"riskScore deducts 20 for fundingRate above 0.03"},{"ancestorTitles":["AQEA Risk Engine"],"duration":1,"failing":false,"failureDetails":[],"failureMessages":[],"fullName":"AQEA Risk Engine riskScore never goes below 0 even with every penalty stacked","invocations":1,"location":null,"numPassingAsserts":2,"retryReasons":[],"startAt":1785338262630,"status":"passed","title":"riskScore never goes below 0 even with every penalty stacked"}],"endTime":1785338262635,"message":"","name":"/Users/amithks/aalgolakshmi_v3/server/__tests__/aqea/riskEngine.test.ts","startTime":1785338261470,"status":"passed","summary":""},{"assertionResults":[{"ancestorTitles":["AQEA Phase 5C: PPO Execution Authority"],"duration":2635,"failing":false,"failureDetails":[],"failureMessages":[],"fullName":"AQEA Phase 5C: PPO Execution Authority PPO executes SKIP_TRADE","invocations":1,"location":null,"numPassingAsserts":4,"retryReasons":[],"startAt":1785338256433,"status":"passed","title":"PPO executes SKIP_TRADE"},{"ancestorTitles":["AQEA Phase 5C: PPO Execution Authority"],"duration":1351,"failing":false,"failureDetails":[{"matcherResult":{"actual":"HOLD","expected":"LONG","message":"expect(received).toBe(expected) // Object.is equality\n\nExpected: \"LONG\"\nReceived: \"HOLD\"","name":"toBe","pass":false}}],"failureMessages":["Error: expect(received).toBe(expected) // Object.is equality\n\nExpected: \"LONG\"\nReceived: \"HOLD\"\n    at Object.toBe (/Users/amithks/aalgolakshmi_v3/server/__tests__/aqea/ppoAuthority.test.ts:227:26)\n    at processTicksAndRejections (node:internal/process/task_queues:104:5)"],"fullName":"AQEA Phase 5C: PPO Execution Authority PPO adjusts size downward (REDUCE_SIZE)","invocations":1,"location":null,"numPassingAsserts":0,"retryReasons":[],"startAt":1785338259069,"status":"failed","title":"PPO adjusts size downward (REDUCE_SIZE)"},{"ancestorTitles":["AQEA Phase 5C: PPO Execution Authority"],"duration":1723,"failing":false,"failureDetails":[{"matcherResult":{"actual":"HOLD","expected":"LONG","message":"expect(received).toBe(expected) // Object.is equality\n\nExpected: \"LONG\"\nReceived: \"HOLD\"","name":"toBe","pass":false}}],"failureMessages":["Error: expect(received).toBe(expected) // Object.is equality\n\nExpected: \"LONG\"\nReceived: \"HOLD\"\n    at Object.toBe (/Users/amithks/aalgolakshmi_v3/server/__tests__/aqea/ppoAuthority.test.ts:241:26)\n    at processTicksAndRejections (node:internal/process/task_queues:104:5)"],"fullName":"AQEA Phase 5C: PPO Execution Authority PPO adjusts size upward (INCREASE_SIZE)","invocations":1,"location":null,"numPassingAsserts":0,"retryReasons":[],"startAt":1785338260421,"status":"failed","title":"PPO adjusts size upward (INCREASE_SIZE)"},{"ancestorTitles":["AQEA Phase 5C: PPO Execution Authority"],"duration":854,"failing":false,"failureDetails":[{"matcherResult":{"actual":"HOLD","expected":"LONG","message":"expect(received).toBe(expected) // Object.is equality\n\nExpected: \"LONG\"\nReceived: \"HOLD\"","name":"toBe","pass":false}}],"failureMessages":["Error: expect(received).toBe(expected) // Object.is equality\n\nExpected: \"LONG\"\nReceived: \"HOLD\"\n    at Object.toBe (/Users/amithks/aalgolakshmi_v3/server/__tests__/aqea/ppoAuthority.test.ts:257:26)\n    at processTicksAndRejections (node:internal/process/task_queues:104:5)"],"fullName":"AQEA Phase 5C: PPO Execution Authority Rollback: PPO authority disabled reverts to baseline","invocations":1,"location":null,"numPassingAsserts":0,"retryReasons":[],"startAt":1785338262147,"status":"failed","title":"Rollback: PPO authority disabled reverts to baseline"}],"endTime":1785338263193,"message":"  ● AQEA Phase 5C: PPO Execution Authority › PPO adjusts size downward (REDUCE_SIZE)\n\n    expect(received).toBe(expected) // Object.is equality\n\n    Expected: \"LONG\"\n    Received: \"HOLD\"\n\n      225 |     const res = await AQEAEngine.decide(symbol, userId, baseContext);\n      226 |     \n    > 227 |     expect(res.decision).toBe(\"LONG\");\n          |                          ^\n      228 |     expect(res.meta.ppoAuthorityApplied).toBe(true);\n      229 |     expect(res.reasons.some((r: string) => r.includes(\"PPO_AUTHORITY: SIZE_ADJUSTED_0.5x\"))).toBe(true);\n      230 |   });\n\n      at Object.toBe (__tests__/aqea/ppoAuthority.test.ts:227:26)\n\n  ● AQEA Phase 5C: PPO Execution Authority › PPO adjusts size upward (INCREASE_SIZE)\n\n    expect(received).toBe(expected) // Object.is equality\n\n    Expected: \"LONG\"\n    Received: \"HOLD\"\n\n      239 |     const res = await AQEAEngine.decide(symbol, userId, baseContext);\n      240 |     \n    > 241 |     expect(res.decision).toBe(\"LONG\");\n          |                          ^\n      242 |     expect(res.meta.ppoAuthorityApplied).toBe(true);\n      243 |     expect(res.reasons.some((r: string) => r.includes(\"PPO_AUTHORITY: SIZE_ADJUSTED_\"))).toBe(true);\n      244 |   });\n\n      at Object.toBe (__tests__/aqea/ppoAuthority.test.ts:241:26)\n\n  ● AQEA Phase 5C: PPO Execution Authority › Rollback: PPO authority disabled reverts to baseline\n\n    expect(received).toBe(expected) // Object.is equality\n\n    Expected: \"LONG\"\n    Received: \"HOLD\"\n\n      255 |     const res = await AQEAEngine.decide(symbol, userId, baseContext);\n      256 |     \n    > 257 |     expect(res.decision).toBe(\"LONG\");\n          |                          ^\n      258 |     expect(res.meta.ppoAuthorityApplied).toBe(false);\n      259 |   });\n      260 | });\n\n      at Object.toBe (__tests__/aqea/ppoAuthority.test.ts:257:26)\n","name":"/Users/amithks/aalgolakshmi_v3/server/__tests__/aqea/ppoAuthority.test.ts","startTime":1785338253106,"status":"failed","summary":""},{"assertionResults":[{"ancestorTitles":["AQEA Phase 4E: CNN Voting Integration"],"duration":3127,"failing":false,"failureDetails":[],"failureMessages":[],"fullName":"AQEA Phase 4E: CNN Voting Integration CNN Vote aligns with Core (LONG, high conf) -> receives 15% voting weight","invocations":1,"location":null,"numPassingAsserts":3,"retryReasons":[],"startAt":1785338256433,"status":"passed","title":"CNN Vote aligns with Core (LONG, high conf) -> receives 15% voting weight"},{"ancestorTitles":["AQEA Phase 4E: CNN Voting Integration"],"duration":1439,"failing":false,"failureDetails":[],"failureMessages":[],"fullName":"AQEA Phase 4E: CNN Voting Integration CNN Vote low confidence (<0.70) -> receives 0% weight","invocations":1,"location":null,"numPassingAsserts":2,"retryReasons":[],"startAt":1785338259561,"status":"passed","title":"CNN Vote low confidence (<0.70) -> receives 0% weight"},{"ancestorTitles":["AQEA Phase 4E: CNN Voting Integration"],"duration":1491,"failing":false,"failureDetails":[],"failureMessages":[],"fullName":"AQEA Phase 4E: CNN Voting Integration CNN weight is 0% in HIGH_VOLATILITY override","invocations":1,"location":null,"numPassingAsserts":1,"retryReasons":[],"startAt":1785338261001,"status":"passed","title":"CNN weight is 0% in HIGH_VOLATILITY override"},{"ancestorTitles":["AQEA Phase 4E: CNN Voting Integration"],"duration":848,"failing":false,"failureDetails":[],"failureMessages":[],"fullName":"AQEA Phase 4E: CNN Voting Integration Rollback: CNN_VOTING_ENABLED=false reverts to Ph 3 baseline weights","invocations":1,"location":null,"numPassingAsserts":1,"retryReasons":[],"startAt":1785338262492,"status":"passed","title":"Rollback: CNN_VOTING_ENABLED=false reverts to Ph 3 baseline weights"}],"endTime":1785338263684,"message":"","name":"/Users/amithks/aalgolakshmi_v3/server/__tests__/aqea/cnnVoting.test.ts","startTime":1785338253126,"status":"passed","summary":""},{"assertionResults":[{"ancestorTitles":["AQEA Performance Benchmarks"],"duration":2004,"failing":false,"failureDetails":[],"failureMessages":[],"fullName":"AQEA Performance Benchmarks Multi-Timeframe Engine Latency","invocations":1,"location":null,"numPassingAsserts":1,"retryReasons":[],"startAt":1785338256450,"status":"passed","title":"Multi-Timeframe Engine Latency"},{"ancestorTitles":["AQEA Performance Benchmarks"],"duration":8762,"failing":false,"failureDetails":[],"failureMessages":[],"fullName":"AQEA Performance Benchmarks AQEA Orchestrator Latency","invocations":1,"location":null,"numPassingAsserts":1,"retryReasons":[],"startAt":1785338258456,"status":"passed","title":"AQEA Orchestrator Latency"}],"endTime":1785338267793,"message":"","name":"/Users/amithks/aalgolakshmi_v3/server/__tests__/aqea/benchmarks.test.ts","startTime":1785338253106,"status":"passed","summary":""}],"wasInterrupted":false}
